<?xml version="1.0" encoding="UTF-8"?>
<coverage generated="1493899351450" clover="3.2.0">
  <project timestamp="1493899351451" name="All files">
    <metrics statements="6" coveredstatements="3" conditionals="0" coveredconditionals="0" methods="3" coveredmethods="2" elements="9" coveredelements="5" complexity="0" loc="6" ncloc="6" packages="1" files="3" classes="3">
      <file name="subtract.js" path="/Users/fcj/work/github/jest_template/subtract.js">
        <metrics statements="3" coveredstatements="0" conditionals="0" coveredconditionals="0" methods="1" coveredmethods="0"/>
        <line num="1" count="0" type="stmt"/>
        <line num="2" count="0" type="stmt"/>
        <line num="3" count="0" type="stmt"/>
      </file>
      <file name="sum.js" path="/Users/fcj/work/github/jest_template/sum.js">
        <metrics statements="2" coveredstatements="2" conditionals="0" coveredconditionals="0" methods="1" coveredmethods="1"/>
        <line num="2" count="1" type="stmt"/>
        <line num="5" count="1" type="stmt"/>
      </file>
      <file name="sum_es6.js" path="/Users/fcj/work/github/jest_template/sum_es6.js">
        <metrics statements="1" coveredstatements="1" conditionals="0" coveredconditionals="0" methods="1" coveredmethods="1"/>
        <line num="2" count="1" type="stmt"/>
      </file>
    </metrics>
  </project>
</coverage>
