{"/Users/fcj/work/github/jest_template/subtract.js": {"path":"/Users/fcj/work/github/jest_template/subtract.js","statementMap":{"0":{"start":{"line":1,"column":13},"end":{"line":1,"column":75}},"1":{"start":{"line":2,"column":1},"end":{"line":2,"column":14}},"2":{"start":{"line":3,"column":1},"end":{"line":5,"column":9}}},"fnMap":{"0":{"name":"subtract","decl":{"start":{"line":1,"column":84},"end":{"line":1,"column":92}},"loc":{"start":{"line":1,"column":99},"end":{"line":3,"column":1}},"line":1}},"branchMap":{},"s":{"0":0,"1":0,"2":0},"f":{"0":0},"b":{}}
,"/Users/fcj/work/github/jest_template/sum.js": {"path":"/Users/fcj/work/github/jest_template/sum.js","statementMap":{"0":{"start":{"line":2,"column":1},"end":{"line":2,"column":14}},"1":{"start":{"line":5,"column":0},"end":{"line":5,"column":21}}},"fnMap":{"0":{"name":"sum","decl":{"start":{"line":1,"column":9},"end":{"line":1,"column":12}},"loc":{"start":{"line":1,"column":17},"end":{"line":3,"column":1}},"line":1}},"branchMap":{},"s":{"0":1,"1":1},"f":{"0":1},"b":{},"_coverageSchema":"332fd63041d2c1bcb487cc26dd0d5f7d97098a6c","hash":"840c935cb150222837b1a2fd5ab7a9948bf3eb25"}
,"/Users/fcj/work/github/jest_template/sum_es6.js": {"path":"/Users/fcj/work/github/jest_template/sum_es6.js","statementMap":{"0":{"start":{"line":2,"column":1},"end":{"line":2,"column":14}}},"fnMap":{"0":{"name":"sum","decl":{"start":{"line":1,"column":9},"end":{"line":1,"column":12}},"loc":{"start":{"line":1,"column":17},"end":{"line":3,"column":1}},"line":1}},"branchMap":{},"s":{"0":1},"f":{"0":1},"b":{},"_coverageSchema":"332fd63041d2c1bcb487cc26dd0d5f7d97098a6c","hash":"a6e1513ae3d5e006b6b655c0a5c041f2ada444be"}
}
