{"/Users/fcj/work/github/learn_for_jest/subtract.js": {"path":"/Users/fcj/work/github/learn_for_jest/subtract.js","statementMap":{"0":{"start":{"line":1,"column":13},"end":{"line":1,"column":75}},"1":{"start":{"line":2,"column":1},"end":{"line":2,"column":14}},"2":{"start":{"line":3,"column":1},"end":{"line":5,"column":9}}},"fnMap":{"0":{"name":"subtract","decl":{"start":{"line":1,"column":84},"end":{"line":1,"column":92}},"loc":{"start":{"line":1,"column":99},"end":{"line":3,"column":1}},"line":1}},"branchMap":{},"s":{"0":0,"1":0,"2":0},"f":{"0":0},"b":{}}
,"/Users/fcj/work/github/learn_for_jest/sum.js": {"path":"/Users/fcj/work/github/learn_for_jest/sum.js","statementMap":{"0":{"start":{"line":2,"column":1},"end":{"line":2,"column":14}},"1":{"start":{"line":5,"column":0},"end":{"line":5,"column":21}}},"fnMap":{"0":{"name":"sum","decl":{"start":{"line":1,"column":9},"end":{"line":1,"column":12}},"loc":{"start":{"line":1,"column":17},"end":{"line":3,"column":1}},"line":1}},"branchMap":{},"s":{"0":1,"1":1},"f":{"0":1},"b":{},"_coverageSchema":"332fd63041d2c1bcb487cc26dd0d5f7d97098a6c","hash":"9f95e2e7e8850518fe861aeb3250cf5765804f81"}
,"/Users/fcj/work/github/learn_for_jest/sum_es6.js": {"path":"/Users/fcj/work/github/learn_for_jest/sum_es6.js","statementMap":{"0":{"start":{"line":2,"column":1},"end":{"line":2,"column":14}}},"fnMap":{"0":{"name":"sum","decl":{"start":{"line":1,"column":9},"end":{"line":1,"column":12}},"loc":{"start":{"line":1,"column":17},"end":{"line":3,"column":1}},"line":1}},"branchMap":{},"s":{"0":1},"f":{"0":1},"b":{},"_coverageSchema":"332fd63041d2c1bcb487cc26dd0d5f7d97098a6c","hash":"8c09fb9581d1646b3a9015f55f78e13051e00a49"}
}
